ID: eaf6a4c3-7caa-4c96-9647-9ed86cc4d343 | Time: 2025-05-28T09:37:13.853Z | Name: TypeError | Cause: Cannot read properties of undefined (reading 'property')
ID: 230e5ecd-6d8a-4a8f-af7d-0a42d3dc214d | Time: 2025-05-28T09:38:10.689Z | Name: TypeError | Cause: Cannot read properties of undefined (reading 'property')
ID: 9eb7a0ec-ce49-4164-990c-5b3030f74fc8 | Time: 2025-05-28T09:41:53.954Z | Name: TypeError | Cause: Cannot read properties of undefined (reading 'property')
ID: 25eef77e-c726-42ea-ad88-58d49e4e3f52 | Time: 2025-05-28T09:42:06.531Z | Name: TypeError | Cause: Cannot read properties of undefined (reading 'property')
ID: b7700b5f-624e-4aef-8d52-096c9882c4fa | Time: 2025-05-28T09:46:05.923Z | Name: TypeError | Cause: Cannot read properties of undefined (reading 'property')
ID: 6e9e8b17-bdc2-40a4-ba9b-688b771d5e6b | Time: 2025-05-28T09:48:01.012Z | Name: TypeError | Cause: Cannot read properties of undefined (reading 'property')
ID: 5141f7ed-0dac-49a9-b454-a3deac12ceed | Time: 2025-05-28T09:50:11.939Z | Name: TypeError | Cause: Cannot read properties of undefined (reading 'property')
ID: 1afee82d-0a29-426e-ace8-332d1345dbb3 | Time: 2025-05-28T09:50:47.902Z | Name: TypeError | Cause: Cannot read properties of undefined (reading 'property')
ID: aaafd55f-2ccb-4454-9029-b5cd4378ee23 | Time: 2025-05-28T10:06:53.689Z | Name: TypeError | Cause: Cannot read properties of undefined (reading 'property')
ID: 05eaaebc-f4ca-48ba-a342-5738e807f8c4 | Time: 2025-06-13T07:55:29.037Z | Name: Error | Cause: L敲들 test!
ID: b0589cee-f963-4483-a0bb-e5a88f69be14 | Time: 2025-06-13T07:56:06.320Z | Name: Error | Cause: L敲들 test!
ID: 47634d7d-d54a-4aa3-a4c8-edb528922826 | Time: 2025-06-13T07:56:07.283Z | Name: Error | Cause: L敲들 test!
ID: 7ca6817d-aa6e-434c-99fc-3f861e18ac2c | Time: 2025-06-13T07:56:08.207Z | Name: Error | Cause: L敲들 test!
ID: 07d14ecf-8bc4-4874-bce6-9b93e84cbd98 | Time: 2025-06-29T02:34:17.825Z | Name: ReferenceError | Cause: UserNull is not defined
ID: 62cbf8f3-a13a-40da-9673-b0b90fb20069 | Time: 2025-06-29T02:37:48.765Z | Name: ReferenceError | Cause: UserNull is not defined
ID: e9d1c2bf-35a6-4be6-9ed5-ea7a124d28d5 | Time: 2025-06-29T02:37:51.189Z | Name: ReferenceError | Cause: UserNull is not defined
ID: 687aec02-0c33-4c01-bc41-7e040e82c7bd | Time: 2025-07-01T10:51:32.549Z | Name: ReferenceError | Cause: ScanSearch is not defined
ID: 52deaa7a-495a-4faa-8dba-93f62bbc006a | Time: 2025-07-01T10:55:22.207Z | Name: Error | Cause: input is a void element tag and must neither have `children` nor use `dangerouslySetInnerHTML`.
ID: 6ace0056-f2a1-416f-8e92-9172218c6403 | Time: 2025-07-01T10:55:26.695Z | Name: Error | Cause: input is a void element tag and must neither have `children` nor use `dangerouslySetInnerHTML`.
ID: 875f9306-022b-4197-a892-f215ace37380 | Time: 2025-07-01T10:55:27.836Z | Name: Error | Cause: input is a void element tag and must neither have `children` nor use `dangerouslySetInnerHTML`.
ID: f7405c06-afba-44e4-a437-53d9314c20fb | Time: 2025-07-01T10:55:28.328Z | Name: Error | Cause: input is a void element tag and must neither have `children` nor use `dangerouslySetInnerHTML`.
ID: b103edb8-2cb5-4749-a498-24c163b60632 | Time: 2025-07-01T10:55:28.511Z | Name: Error | Cause: input is a void element tag and must neither have `children` nor use `dangerouslySetInnerHTML`.
ID: 5b30c20a-d88d-40ed-ae7e-4f72b1deca2a | Time: 2025-07-01T10:55:35.023Z | Name: Error | Cause: input is a void element tag and must neither have `children` nor use `dangerouslySetInnerHTML`.
ID: 97a45012-e0f8-469b-a08a-a4f6e88fc4d1 | Time: 2025-07-01T10:55:35.967Z | Name: Error | Cause: input is a void element tag and must neither have `children` nor use `dangerouslySetInnerHTML`.
ID: 1e5aa84e-3105-4a20-9965-48d5a3bf2c96 | Time: 2025-07-01T11:13:34.537Z | Name: ReferenceError | Cause: Input is not defined
ID: a0e2b2d6-2713-4576-9beb-24f094e473fa | Time: 2025-07-02T03:05:40.469Z | Name: Error | Cause: React.Children.only expected to receive a single React element child.
ID: 3d269898-fd95-4b81-b4e2-880a48775d86 | Time: 2025-07-02T03:06:10.166Z | Name: Error | Cause: React.Children.only expected to receive a single React element child.
ID: c7cd87bb-9548-4cd1-994f-36d49753a7a3 | Time: 2025-07-02T03:06:20.951Z | Name: Error | Cause: React.Children.only expected to receive a single React element child.
ID: 31bda40e-0bd5-4cbf-a686-ceb6bf8f0f0c | Time: 2025-07-02T03:06:52.081Z | Name: Error | Cause: React.Children.only expected to receive a single React element child.
ID: c680373d-4bc8-4de3-a327-60c893ec732c | Time: 2025-07-02T03:06:55.212Z | Name: Error | Cause: React.Children.only expected to receive a single React element child.
ID: 65c23e05-a062-4eb6-a043-f4680f2cde06 | Time: 2025-07-02T03:06:55.684Z | Name: Error | Cause: React.Children.only expected to receive a single React element child.
ID: 83ea5fd6-5c31-4ab1-a36d-daa443cd89a0 | Time: 2025-07-02T07:00:22.667Z | Name: ReferenceError | Cause: Card is not defined
ID: 9cfd3a44-b810-423a-8ffe-45a7c1ecf8fb | Time: 2025-07-02T07:41:27.241Z | Name: ReferenceError | Cause: stories is not defined
ID: 2c9d00ea-2151-423b-b372-f8e4bb5d2a09 | Time: 2025-07-02T07:41:53.424Z | Name: ReferenceError | Cause: stories is not defined
ID: 4458e043-bc2a-4c2f-93ff-6c2cdb3a6218 | Time: 2025-07-02T07:41:53.786Z | Name: ReferenceError | Cause: stories is not defined
ID: 4da894b5-a4fc-49c9-9daa-fc323f8bd01d | Time: 2025-07-02T07:41:54.033Z | Name: ReferenceError | Cause: stories is not defined
ID: 34dc030e-9116-4691-88c8-96e27945575f | Time: 2025-07-02T07:42:17.922Z | Name: ReferenceError | Cause: CarouselPrevious is not defined
ID: f54c45ed-83a3-4aae-96eb-40d034509509 | Time: 2025-07-02T07:44:46.471Z | Name: Error | Cause: useCarousel must be used within a <Carousel />
ID: 985342ab-bff5-44b3-8ccb-53a8a7df8e63 | Time: 2025-07-02T07:44:57.846Z | Name: Error | Cause: useCarousel must be used within a <Carousel />
ID: 4654254e-0691-4caf-8a19-b3cfccdc39cc | Time: 2025-07-03T11:39:50.923Z | Name: Error | Cause: useCarousel must be used within a <Carousel />
ID: 9eef0931-f05d-403b-9671-a61647f3734e | Time: 2025-07-03T11:39:56.429Z | Name: Error | Cause: useCarousel must be used within a <Carousel />
ID: 3b4aa1c9-8e0d-4d4e-814f-60af031b17ed | Time: 2025-07-03T11:39:56.966Z | Name: Error | Cause: useCarousel must be used within a <Carousel />
ID: 32b2dc0e-fe79-4618-ad17-b954723dc169 | Time: 2025-07-03T11:39:57.149Z | Name: Error | Cause: useCarousel must be used within a <Carousel />
ID: 28bd5138-79d2-41c7-a8db-a4f9f5d9540f | Time: 2025-07-03T11:41:56.771Z | Name: Error | Cause: useCarousel must be used within a <Carousel />
ID: 01e3a17f-f01f-4f57-ab74-5284bc0e8441 | Time: 2025-07-03T11:46:51.547Z | Name: ReferenceError | Cause: React is not defined
ID: 1afb20a4-747f-4a9e-a85c-dc2a2969a592 | Time: 2025-07-03T11:47:52.312Z | Name: ReferenceError | Cause: React is not defined
ID: 8f532fed-7d0b-4ade-aa2c-9aeb1af5ef1c | Time: 2025-07-03T11:48:35.790Z | Name: ReferenceError | Cause: AutoPlay is not defined
